Build started 29/05/2012 10:16:07 PM.
     1>Project "E:\Documents\Education\Concordia\COMP 6761\Connect4Project\Connect4Project\Connect4Project.vcxproj" on node 2 (build target(s)).
     1>PrepareForBuild:
         Creating directory "E:\Documents\Education\Concordia\COMP 6761\Connect4Project\Debug\".
       InitializeBuildStatus:
         Creating "Debug\Connect4Project.unsuccessfulbuild" because "AlwaysCreate" was specified.
       ClCompile:
         c:\Program Files (x86)\Microsoft Visual Studio 10.0\VC\bin\CL.exe /c /ZI /nologo /W3 /WX- /Od /Oy- /D WIN32 /D _DEBUG /D _CONSOLE /D _UNICODE /D UNICODE /Gm /EHsc /RTC1 /MDd /GS /fp:precise /Zc:wchar_t /Zc:forScope /Fo"Debug\\" /Fd"Debug\vc100.pdb" /Gd /TP /analyze- /errorReport:prompt application.cpp camera.cpp gl_operations.cpp light.cpp main.cpp scene.cpp
         scene.cpp
     1>e:\documents\education\concordia\comp 6761\connect4project\connect4project\scene.cpp(23): warning C4150: deletion of pointer to incomplete type 'TCamera'; no destructor called
                 e:\documents\education\concordia\comp 6761\connect4project\connect4project\scene.h(8) : see declaration of 'TCamera'
     1>e:\documents\education\concordia\comp 6761\connect4project\connect4project\scene.cpp(29): warning C4150: deletion of pointer to incomplete type 'TLight'; no destructor called
                 e:\documents\education\concordia\comp 6761\connect4project\connect4project\scene.h(9) : see declaration of 'TLight'
     1>e:\documents\education\concordia\comp 6761\connect4project\connect4project\scene.cpp(38): warning C4150: deletion of pointer to incomplete type 'TGameEntity'; no destructor called
                 e:\documents\education\concordia\comp 6761\connect4project\connect4project\scene.h(7) : see declaration of 'TGameEntity'
         main.cpp
         light.cpp
         gl_operations.cpp
         camera.cpp
     1>e:\documents\education\concordia\comp 6761\connect4project\connect4project\camera.cpp(22): warning C4150: deletion of pointer to incomplete type 'Vertex'; no destructor called
                 e:\documents\education\concordia\comp 6761\connect4project\connect4project\camera.h(4) : see declaration of 'Vertex'
     1>e:\documents\education\concordia\comp 6761\connect4project\connect4project\camera.cpp(28): warning C4150: deletion of pointer to incomplete type 'TVector'; no destructor called
                 e:\documents\education\concordia\comp 6761\connect4project\connect4project\camera.h(5) : see declaration of 'TVector'
         application.cpp
         Generating Code...
       ManifestResourceCompile:
         C:\Program Files (x86)\Microsoft SDKs\Windows\v7.0A\bin\rc.exe /nologo /fo"Debug\Connect4Project.exe.embed.manifest.res" Debug\Connect4Project_manifest.rc 
       Link:
         c:\Program Files (x86)\Microsoft Visual Studio 10.0\VC\bin\link.exe /ERRORREPORT:PROMPT /OUT:"E:\Documents\Education\Concordia\COMP 6761\Connect4Project\Debug\Connect4Project.exe" /INCREMENTAL /NOLOGO /LIBPATH:"F:\Libraries\freeglut-2.8.0\lib\x64\Debug" kernel32.lib user32.lib gdi32.lib winspool.lib comdlg32.lib advapi32.lib shell32.lib ole32.lib oleaut32.lib uuid.lib odbc32.lib odbccp32.lib opengl32.lib glu32.lib freeglut.lib kernel32.lib user32.lib gdi32.lib winspool.lib comdlg32.lib advapi32.lib shell32.lib ole32.lib oleaut32.lib uuid.lib odbc32.lib odbccp32.lib /MANIFEST /ManifestFile:"Debug\Connect4Project.exe.intermediate.manifest" /MANIFESTUAC:"level='asInvoker' uiAccess='false'" /DEBUG /PDB:"E:\Documents\Education\Concordia\COMP 6761\Connect4Project\Debug\Connect4Project.pdb" /SUBSYSTEM:CONSOLE /TLBID:1 /DYNAMICBASE /NXCOMPAT /IMPLIB:"E:\Documents\Education\Concordia\COMP 6761\Connect4Project\Debug\Connect4Project.lib" /MACHINE:X86 Debug\Connect4Project.exe.embed.manifest.res
         Debug\application.obj
         Debug\camera.obj
         Debug\gl_operations.obj
         Debug\light.obj
         Debug\main.obj
         Debug\scene.obj
     1>gl_operations.obj : error LNK2019: unresolved external symbol __imp__glutInitDisplayMode@4 referenced in function "public: void __thiscall GLOperations::initGLUT(int,char * * const)" (?initGLUT@GLOperations@@QAEXHQAPAD@Z)
     1>gl_operations.obj : error LNK2019: unresolved external symbol __imp__glutInitWindowPosition@8 referenced in function "public: void __thiscall GLOperations::initGLUT(int,char * * const)" (?initGLUT@GLOperations@@QAEXHQAPAD@Z)
     1>gl_operations.obj : error LNK2019: unresolved external symbol __imp__glutInitWindowSize@8 referenced in function "public: void __thiscall GLOperations::initGLUT(int,char * * const)" (?initGLUT@GLOperations@@QAEXHQAPAD@Z)
     1>gl_operations.obj : error LNK2019: unresolved external symbol __imp____glutInitWithExit@12 referenced in function _glutInit_ATEXIT_HACK@8
     1>gl_operations.obj : error LNK2019: unresolved external symbol __imp____glutCreateWindowWithExit@8 referenced in function _glutCreateWindow_ATEXIT_HACK@4
     1>gl_operations.obj : error LNK2019: unresolved external symbol __imp__glutReshapeFunc@4 referenced in function "public: void __thiscall GLOperations::reshapeSetup(void)" (?reshapeSetup@GLOperations@@QAEXXZ)
     1>gl_operations.obj : error LNK2019: unresolved external symbol __imp__glutDisplayFunc@4 referenced in function "public: void __thiscall GLOperations::renderSetup(void)" (?renderSetup@GLOperations@@QAEXXZ)
     1>gl_operations.obj : error LNK2019: unresolved external symbol __imp__glutMainLoop@0 referenced in function "public: void __thiscall GLOperations::enterMainLoop(void)" (?enterMainLoop@GLOperations@@QAEXXZ)
     1>E:\Documents\Education\Concordia\COMP 6761\Connect4Project\Debug\Connect4Project.exe : fatal error LNK1120: 8 unresolved externals
     1>Done Building Project "E:\Documents\Education\Concordia\COMP 6761\Connect4Project\Connect4Project\Connect4Project.vcxproj" (build target(s)) -- FAILED.

Build FAILED.

Time Elapsed 00:00:03.67
